This is pdfTeX, Version 3.141592653-2.6-1.40.25 (TeX Live 2023/Homebrew) (preloaded format=pdflatex 2023.6.22)  29 APR 2024 20:58
entering extended mode
 restricted \write18 enabled.
 file:line:error style messages enabled.
 %&-line parsing enabled.
**/Users/pataei/Desktop/Projects/Terramycelium-Journal-of-Software-and-System/main.tex
(/Users/pataei/Desktop/Projects/Terramycelium-Journal-of-Software-and-System/main.tex
LaTeX2e <2022-11-01> patch level 1
L3 programming layer <2023-02-22> (/opt/homebrew/Cellar/texlive/20230313_2/share/texmf-dist/tex/latex/elsarticle/elsarticle.cls
Document Class: elsarticle 2020/11/20, 3.3: Elsevier Ltd
(/opt/homebrew/Cellar/texlive/20230313_2/share/texmf-dist/tex/latex/l3kernel/expl3.sty
Package: expl3 2023-02-22 L3 programming layer (loader) 
 (/opt/homebrew/Cellar/texlive/20230313_2/share/texmf-dist/tex/latex/l3backend/l3backend-pdftex.def
File: l3backend-pdftex.def 2023-01-16 L3 backend support: PDF output (pdfTeX)
\l__color_backend_stack_int=\count185
\l__pdf_internal_box=\box51
)) (/opt/homebrew/Cellar/texlive/20230313_2/share/texmf-dist/tex/latex/l3packages/xparse/xparse.sty
Package: xparse 2023-02-02 L3 Experimental document command parser
) (/opt/homebrew/Cellar/texlive/20230313_2/share/texmf-dist/tex/latex/etoolbox/etoolbox.sty
Package: etoolbox 2020/10/05 v2.5k e-TeX tools for LaTeX (JAW)
\etb@tempcnta=\count186
)
\@bls=\dimen140
 (/opt/homebrew/Cellar/texlive/20230313_2/share/texmf-dist/tex/latex/base/article.cls
Document Class: article 2022/07/02 v1.4n Standard LaTeX document class
(/opt/homebrew/Cellar/texlive/20230313_2/share/texmf-dist/tex/latex/base/size12.clo
File: size12.clo 2022/07/02 v1.4n Standard LaTeX file (size option)
)
\c@part=\count187
\c@section=\count188
\c@subsection=\count189
\c@subsubsection=\count190
\c@paragraph=\count191
\c@subparagraph=\count192
\c@figure=\count193
\c@table=\count194
\abovecaptionskip=\skip48
\belowcaptionskip=\skip49
\bibindent=\dimen141
) (/opt/homebrew/Cellar/texlive/20230313_2/share/texmf-dist/tex/latex/graphics/graphicx.sty
Package: graphicx 2021/09/16 v1.2d Enhanced LaTeX Graphics (DPC,SPQR)
 (/opt/homebrew/Cellar/texlive/20230313_2/share/texmf-dist/tex/latex/graphics/keyval.sty
Package: keyval 2022/05/29 v1.15 key=value parser (DPC)
\KV@toks@=\toks16
) (/opt/homebrew/Cellar/texlive/20230313_2/share/texmf-dist/tex/latex/graphics/graphics.sty
Package: graphics 2022/03/10 v1.4e Standard LaTeX Graphics (DPC,SPQR)
 (/opt/homebrew/Cellar/texlive/20230313_2/share/texmf-dist/tex/latex/graphics/trig.sty
Package: trig 2021/08/11 v1.11 sin cos tan (DPC)
) (/opt/homebrew/Cellar/texlive/20230313_2/share/texmf-dist/tex/latex/graphics-cfg/graphics.cfg
File: graphics.cfg 2016/06/04 v1.11 sample graphics configuration
)
Package graphics Info: Driver file: pdftex.def on input line 107.
 (/opt/homebrew/Cellar/texlive/20230313_2/share/texmf-dist/tex/latex/graphics-def/pdftex.def
File: pdftex.def 2022/09/22 v1.2b Graphics/color driver for pdftex
))
\Gin@req@height=\dimen142
\Gin@req@width=\dimen143
)
\c@tnote=\count195
\c@fnote=\count196
\c@cnote=\count197
\c@ead=\count198
\c@author=\count199
\@eadauthor=\toks17
\c@affn=\count266
\absbox=\box52
\elsarticlehighlightsbox=\box53
\elsarticlegrabsbox=\box54
\keybox=\box55
\Columnwidth=\dimen144
\space@left=\dimen145
\els@boxa=\box56
\els@boxb=\box57
\leftMargin=\dimen146
\@enLab=\toks18
\@sep=\skip50
\@@sep=\skip51
 (./main.spl) (/opt/homebrew/Cellar/texlive/20230313_2/share/texmf-dist/tex/latex/natbib/natbib.sty
Package: natbib 2010/09/13 8.31b (PWD, AO)
\bibhang=\skip52
\bibsep=\skip53
LaTeX Info: Redefining \cite on input line 694.
\c@NAT@ctr=\count267
)
\splwrite=\write3
\openout3 = `main.spl'.

\appnamewidth=\dimen147
) (/opt/homebrew/Cellar/texlive/20230313_2/share/texmf-dist/tex/latex/lineno/lineno.sty
Package: lineno 2023/01/19 line numbers on paragraphs v5.1
\linenopenalty=\count268
\output=\toks19
\linenoprevgraf=\count269
\linenumbersep=\dimen148
\linenumberwidth=\dimen149
\c@linenumber=\count270
\c@pagewiselinenumber=\count271
\c@LN@truepage=\count272
\c@internallinenumber=\count273
\c@internallinenumbers=\count274
\quotelinenumbersep=\dimen150
\bframerule=\dimen151
\bframesep=\dimen152
\bframebox=\box58
LaTeX Info: Redefining \\ on input line 3131.
) (/opt/homebrew/Cellar/texlive/20230313_2/share/texmf-dist/tex/latex/hyperref/hyperref.sty
Package: hyperref 2023-02-07 v7.00v Hypertext links for LaTeX
 (/opt/homebrew/Cellar/texlive/20230313_2/share/texmf-dist/tex/generic/ltxcmds/ltxcmds.sty
Package: ltxcmds 2020-05-10 v1.25 LaTeX kernel commands for general use (HO)
) (/opt/homebrew/Cellar/texlive/20230313_2/share/texmf-dist/tex/generic/iftex/iftex.sty
Package: iftex 2022/02/03 v1.0f TeX engine tests
) (/opt/homebrew/Cellar/texlive/20230313_2/share/texmf-dist/tex/generic/pdftexcmds/pdftexcmds.sty
Package: pdftexcmds 2020-06-27 v0.33 Utility functions of pdfTeX for LuaTeX (HO)
 (/opt/homebrew/Cellar/texlive/20230313_2/share/texmf-dist/tex/generic/infwarerr/infwarerr.sty
Package: infwarerr 2019/12/03 v1.5 Providing info/warning/error messages (HO)
)
Package pdftexcmds Info: \pdf@primitive is available.
Package pdftexcmds Info: \pdf@ifprimitive is available.
Package pdftexcmds Info: \pdfdraftmode found.
) (/opt/homebrew/Cellar/texlive/20230313_2/share/texmf-dist/tex/latex/kvsetkeys/kvsetkeys.sty
Package: kvsetkeys 2022-10-05 v1.19 Key value parser (HO)
) (/opt/homebrew/Cellar/texlive/20230313_2/share/texmf-dist/tex/generic/kvdefinekeys/kvdefinekeys.sty
Package: kvdefinekeys 2019-12-19 v1.6 Define keys (HO)
) (/opt/homebrew/Cellar/texlive/20230313_2/share/texmf-dist/tex/generic/pdfescape/pdfescape.sty
Package: pdfescape 2019/12/09 v1.15 Implements pdfTeX's escape features (HO)
) (/opt/homebrew/Cellar/texlive/20230313_2/share/texmf-dist/tex/latex/hycolor/hycolor.sty
Package: hycolor 2020-01-27 v1.10 Color options for hyperref/bookmark (HO)
) (/opt/homebrew/Cellar/texlive/20230313_2/share/texmf-dist/tex/latex/letltxmacro/letltxmacro.sty
Package: letltxmacro 2019/12/03 v1.6 Let assignment for LaTeX macros (HO)
) (/opt/homebrew/Cellar/texlive/20230313_2/share/texmf-dist/tex/latex/auxhook/auxhook.sty
Package: auxhook 2019-12-17 v1.6 Hooks for auxiliary files (HO)
) (/opt/homebrew/Cellar/texlive/20230313_2/share/texmf-dist/tex/latex/hyperref/nameref.sty
Package: nameref 2022-05-17 v2.50 Cross-referencing by name of section
 (/opt/homebrew/Cellar/texlive/20230313_2/share/texmf-dist/tex/latex/refcount/refcount.sty
Package: refcount 2019/12/15 v3.6 Data extraction from label references (HO)
) (/opt/homebrew/Cellar/texlive/20230313_2/share/texmf-dist/tex/generic/gettitlestring/gettitlestring.sty
Package: gettitlestring 2019/12/15 v1.6 Cleanup title references (HO)
 (/opt/homebrew/Cellar/texlive/20230313_2/share/texmf-dist/tex/latex/kvoptions/kvoptions.sty
Package: kvoptions 2022-06-15 v3.15 Key value format for package options (HO)
))
\c@section@level=\count275
)
\@linkdim=\dimen153
\Hy@linkcounter=\count276
\Hy@pagecounter=\count277
 (/opt/homebrew/Cellar/texlive/20230313_2/share/texmf-dist/tex/latex/hyperref/pd1enc.def
File: pd1enc.def 2023-02-07 v7.00v Hyperref: PDFDocEncoding definition (HO)
Now handling font encoding PD1 ...
... no UTF-8 mapping file for font encoding PD1
) (/opt/homebrew/Cellar/texlive/20230313_2/share/texmf-dist/tex/generic/intcalc/intcalc.sty
Package: intcalc 2019/12/15 v1.3 Expandable calculations with integers (HO)
) (/opt/homebrew/Cellar/texlive/20230313_2/share/texmf-dist/tex/generic/etexcmds/etexcmds.sty
Package: etexcmds 2019/12/15 v1.7 Avoid name clashes with e-TeX commands (HO)
)
\Hy@SavedSpaceFactor=\count278
 (/opt/homebrew/Cellar/texlive/20230313_2/share/texmf-dist/tex/latex/hyperref/puenc.def
File: puenc.def 2023-02-07 v7.00v Hyperref: PDF Unicode definition (HO)
Now handling font encoding PU ...
... no UTF-8 mapping file for font encoding PU
)
Package hyperref Info: Hyper figures OFF on input line 4177.
Package hyperref Info: Link nesting OFF on input line 4182.
Package hyperref Info: Hyper index ON on input line 4185.
Package hyperref Info: Plain pages OFF on input line 4192.
Package hyperref Info: Backreferencing OFF on input line 4197.
Package hyperref Info: Implicit mode ON; LaTeX internals redefined.
Package hyperref Info: Bookmarks ON on input line 4425.
\c@Hy@tempcnt=\count279
 (/opt/homebrew/Cellar/texlive/20230313_2/share/texmf-dist/tex/latex/url/url.sty
\Urlmuskip=\muskip16
Package: url 2013/09/16  ver 3.4  Verb mode for urls, etc.
)
LaTeX Info: Redefining \url on input line 4763.
\XeTeXLinkMargin=\dimen154
 (/opt/homebrew/Cellar/texlive/20230313_2/share/texmf-dist/tex/generic/bitset/bitset.sty
Package: bitset 2019/12/09 v1.3 Handle bit-vector datatype (HO)
 (/opt/homebrew/Cellar/texlive/20230313_2/share/texmf-dist/tex/generic/bigintcalc/bigintcalc.sty
Package: bigintcalc 2019/12/15 v1.5 Expandable calculations on big integers (HO)
))
\Fld@menulength=\count280
\Field@Width=\dimen155
\Fld@charsize=\dimen156
Package hyperref Info: Hyper figures OFF on input line 6042.
Package hyperref Info: Link nesting OFF on input line 6047.
Package hyperref Info: Hyper index ON on input line 6050.
Package hyperref Info: backreferencing OFF on input line 6057.
Package hyperref Info: Link coloring OFF on input line 6062.
Package hyperref Info: Link coloring with OCG OFF on input line 6067.
Package hyperref Info: PDF/A mode OFF on input line 6072.
 (/opt/homebrew/Cellar/texlive/20230313_2/share/texmf-dist/tex/latex/base/atbegshi-ltx.sty
Package: atbegshi-ltx 2021/01/10 v1.0c Emulation of the original atbegshi
package with kernel methods
)
\Hy@abspage=\count281
\c@Item=\count282
\c@Hfootnote=\count283
)
Package hyperref Info: Driver (autodetected): hpdftex.
 (/opt/homebrew/Cellar/texlive/20230313_2/share/texmf-dist/tex/latex/hyperref/hpdftex.def
File: hpdftex.def 2023-02-07 v7.00v Hyperref driver for pdfTeX
 (/opt/homebrew/Cellar/texlive/20230313_2/share/texmf-dist/tex/latex/base/atveryend-ltx.sty
Package: atveryend-ltx 2020/08/19 v1.0a Emulation of the original atveryend package
with kernel methods
)
\Fld@listcount=\count284
\c@bookmark@seq@number=\count285
 (/opt/homebrew/Cellar/texlive/20230313_2/share/texmf-dist/tex/latex/rerunfilecheck/rerunfilecheck.sty
Package: rerunfilecheck 2022-07-10 v1.10 Rerun checks for auxiliary files (HO)
 (/opt/homebrew/Cellar/texlive/20230313_2/share/texmf-dist/tex/generic/uniquecounter/uniquecounter.sty
Package: uniquecounter 2019/12/15 v1.4 Provide unlimited unique counter (HO)
)
Package uniquecounter Info: New unique counter `rerunfilecheck' on input line 285.
)
\Hy@SectionHShift=\skip54
) (/opt/homebrew/Cellar/texlive/20230313_2/share/texmf-dist/tex/latex/tools/longtable.sty
Package: longtable 2021-09-01 v4.17 Multi-page Table package (DPC)
\LTleft=\skip55
\LTright=\skip56
\LTpre=\skip57
\LTpost=\skip58
\LTchunksize=\count286
\LTcapwidth=\dimen157
\LT@head=\box59
\LT@firsthead=\box60
\LT@foot=\box61
\LT@lastfoot=\box62
\LT@gbox=\box63
\LT@cols=\count287
\LT@rows=\count288
\c@LT@tables=\count289
\c@LT@chunks=\count290
\LT@p@ftn=\toks20
) (/opt/homebrew/Cellar/texlive/20230313_2/share/texmf-dist/tex/latex/tools/array.sty
Package: array 2022/09/04 v2.5g Tabular extension package (FMi)
\col@sep=\dimen158
\ar@mcellbox=\box64
\extrarowheight=\dimen159
\NC@list=\toks21
\extratabsurround=\skip59
\backup@length=\skip60
\ar@cellbox=\box65
) (/opt/homebrew/Cellar/texlive/20230313_2/share/texmf-dist/tex/latex/multirow/multirow.sty
Package: multirow 2021/03/15 v2.8 Span multiple rows of a table
\multirow@colwidth=\skip61
\multirow@cntb=\count291
\multirow@dima=\skip62
\bigstrutjot=\dimen160
) (/opt/homebrew/Cellar/texlive/20230313_2/share/texmf-dist/tex/latex/appendix/appendix.sty
Package: appendix 2020/02/08 v1.2c extra appendix facilities
\c@@pps=\count292
\c@@ppsavesec=\count293
\c@@ppsaveapp=\count294
) (/opt/homebrew/Cellar/texlive/20230313_2/share/texmf-dist/tex/latex/graphics/rotating.sty
Package: rotating 2016/08/11 v2.16d rotated objects in LaTeX
 (/opt/homebrew/Cellar/texlive/20230313_2/share/texmf-dist/tex/latex/base/ifthen.sty
Package: ifthen 2022/04/13 v1.1d Standard LaTeX ifthen package (DPC)
)
\c@r@tfl@t=\count295
\rotFPtop=\skip63
\rotFPbot=\skip64
\rot@float@box=\box66
\rot@mess@toks=\toks22
) (/opt/homebrew/Cellar/texlive/20230313_2/share/texmf-dist/tex/latex/enumitem/enumitem.sty
Package: enumitem 2019/06/20 v3.9 Customized lists
\labelindent=\skip65
\enit@outerparindent=\dimen161
\enit@toks=\toks23
\enit@inbox=\box67
\enit@count@id=\count296
\enitdp@description=\count297
) (/opt/homebrew/Cellar/texlive/20230313_2/share/texmf-dist/tex/latex/amsfonts/amssymb.sty
Package: amssymb 2013/01/14 v3.01 AMS font symbols
 (/opt/homebrew/Cellar/texlive/20230313_2/share/texmf-dist/tex/latex/amsfonts/amsfonts.sty
Package: amsfonts 2013/01/14 v3.01 Basic AMSFonts support
\@emptytoks=\toks24
\symAMSa=\mathgroup4
\symAMSb=\mathgroup5
LaTeX Font Info:    Redeclaring math symbol \hbar on input line 98.
LaTeX Font Info:    Overwriting math alphabet `\mathfrak' in version `bold'
(Font)                  U/euf/m/n --> U/euf/b/n on input line 106.
)) (/opt/homebrew/Cellar/texlive/20230313_2/share/texmf-dist/tex/latex/amsmath/amsmath.sty
Package: amsmath 2022/04/08 v2.17n AMS math features
\@mathmargin=\skip66

For additional information on amsmath, use the `?' option.
(/opt/homebrew/Cellar/texlive/20230313_2/share/texmf-dist/tex/latex/amsmath/amstext.sty
Package: amstext 2021/08/26 v2.01 AMS text
 (/opt/homebrew/Cellar/texlive/20230313_2/share/texmf-dist/tex/latex/amsmath/amsgen.sty
File: amsgen.sty 1999/11/30 v2.0 generic functions
\@emptytoks=\toks25
\ex@=\dimen162
)) (/opt/homebrew/Cellar/texlive/20230313_2/share/texmf-dist/tex/latex/amsmath/amsbsy.sty
Package: amsbsy 1999/11/29 v1.2d Bold Symbols
\pmbraise@=\dimen163
) (/opt/homebrew/Cellar/texlive/20230313_2/share/texmf-dist/tex/latex/amsmath/amsopn.sty
Package: amsopn 2022/04/08 v2.04 operator names
)
\inf@bad=\count298
LaTeX Info: Redefining \frac on input line 234.
\uproot@=\count299
\leftroot@=\count300
LaTeX Info: Redefining \overline on input line 399.
LaTeX Info: Redefining \colon on input line 410.
\classnum@=\count301
\DOTSCASE@=\count302
LaTeX Info: Redefining \ldots on input line 496.
LaTeX Info: Redefining \dots on input line 499.
LaTeX Info: Redefining \cdots on input line 620.
\Mathstrutbox@=\box68
\strutbox@=\box69
LaTeX Info: Redefining \big on input line 722.
LaTeX Info: Redefining \Big on input line 723.
LaTeX Info: Redefining \bigg on input line 724.
LaTeX Info: Redefining \Bigg on input line 725.
\big@size=\dimen164
LaTeX Font Info:    Redeclaring font encoding OML on input line 743.
LaTeX Font Info:    Redeclaring font encoding OMS on input line 744.
\macc@depth=\count303
LaTeX Info: Redefining \bmod on input line 905.
LaTeX Info: Redefining \pmod on input line 910.
LaTeX Info: Redefining \smash on input line 940.
LaTeX Info: Redefining \relbar on input line 970.
LaTeX Info: Redefining \Relbar on input line 971.
\c@MaxMatrixCols=\count304
\dotsspace@=\muskip17
\c@parentequation=\count305
\dspbrk@lvl=\count306
\tag@help=\toks26
\row@=\count307
\column@=\count308
\maxfields@=\count309
\andhelp@=\toks27
\eqnshift@=\dimen165
\alignsep@=\dimen166
\tagshift@=\dimen167
\tagwidth@=\dimen168
\totwidth@=\dimen169
\lineht@=\dimen170
\@envbody=\toks28
\multlinegap=\skip67
\multlinetaggap=\skip68
\mathdisplay@stack=\toks29
LaTeX Info: Redefining \[ on input line 2953.
LaTeX Info: Redefining \] on input line 2954.
)
\linenoamsmath@ams@eqpen=\count310
 (/opt/homebrew/Cellar/texlive/20230313_2/share/texmf-dist/tex/latex/tools/tabularx.sty
Package: tabularx 2020/01/15 v2.11c `tabularx' package (DPC)
\TX@col@width=\dimen171
\TX@old@table=\dimen172
\TX@old@col=\dimen173
\TX@target=\dimen174
\TX@delta=\dimen175
\TX@cols=\count311
\TX@ftn=\toks30
)

/Users/pataei/Desktop/Projects/Terramycelium-Journal-of-Software-and-System/main.tex:13: LaTeX Error: Option clash for package natbib.

See the LaTeX manual or LaTeX Companion for explanation.
Type  H <return>  for immediate help.
 ...                                              
                                                  
l.13 
     
The package natbib has already been loaded with options:
  [round,authoryear]
There has now been an attempt to load it with options
  [numberedbib]
Adding the global options:
  round,authoryear,numberedbib
to your \documentclass declaration may fix this.
Try typing  <return>  to proceed.

No file main.aux.
\openout1 = `main.aux'.

LaTeX Font Info:    Checking defaults for OML/cmm/m/it on input line 62.
LaTeX Font Info:    ... okay on input line 62.
LaTeX Font Info:    Checking defaults for OMS/cmsy/m/n on input line 62.
LaTeX Font Info:    ... okay on input line 62.
LaTeX Font Info:    Checking defaults for OT1/cmr/m/n on input line 62.
LaTeX Font Info:    ... okay on input line 62.
LaTeX Font Info:    Checking defaults for T1/cmr/m/n on input line 62.
LaTeX Font Info:    ... okay on input line 62.
LaTeX Font Info:    Checking defaults for TS1/cmr/m/n on input line 62.
LaTeX Font Info:    ... okay on input line 62.
LaTeX Font Info:    Checking defaults for OMX/cmex/m/n on input line 62.
LaTeX Font Info:    ... okay on input line 62.
LaTeX Font Info:    Checking defaults for U/cmr/m/n on input line 62.
LaTeX Font Info:    ... okay on input line 62.
LaTeX Font Info:    Checking defaults for PD1/pdf/m/n on input line 62.
LaTeX Font Info:    ... okay on input line 62.
LaTeX Font Info:    Checking defaults for PU/pdf/m/n on input line 62.
LaTeX Font Info:    ... okay on input line 62.
(/opt/homebrew/Cellar/texlive/20230313_2/share/texmf-dist/tex/context/base/mkii/supp-pdf.mkii
[Loading MPS to PDF converter (version 2006.09.02).]
\scratchcounter=\count312
\scratchdimen=\dimen176
\scratchbox=\box70
\nofMPsegments=\count313
\nofMParguments=\count314
\everyMPshowfont=\toks31
\MPscratchCnt=\count315
\MPscratchDim=\dimen177
\MPnumerator=\count316
\makeMPintoPDFobject=\count317
\everyMPtoPDFconversion=\toks32
) (/opt/homebrew/Cellar/texlive/20230313_2/share/texmf-dist/tex/latex/epstopdf-pkg/epstopdf-base.sty
Package: epstopdf-base 2020-01-24 v2.11 Base part for package epstopdf
Package epstopdf-base Info: Redefining graphics rule for `.eps' on input line 485.
 (/opt/homebrew/Cellar/texlive/20230313_2/share/texmf-dist/tex/latex/latexconfig/epstopdf-sys.cfg
File: epstopdf-sys.cfg 2010/07/13 v1.3 Configuration of (r)epstopdf for TeX Live
))
Package hyperref Info: Link coloring OFF on input line 62.
\@outlinefile=\write4
\openout4 = `main.out'.

LaTeX Font Info:    Trying to load font information for U+msa on input line 85.
 (/opt/homebrew/Cellar/texlive/20230313_2/share/texmf-dist/tex/latex/amsfonts/umsa.fd
File: umsa.fd 2013/01/14 v3.01 AMS symbols A
)
LaTeX Font Info:    Trying to load font information for U+msb on input line 85.
 (/opt/homebrew/Cellar/texlive/20230313_2/share/texmf-dist/tex/latex/amsfonts/umsb.fd
File: umsb.fd 2013/01/14 v3.01 AMS symbols B
)

Package natbib Warning: Citation `AtaeiACIS' on page 1 undefined on input line 93.


Package natbib Warning: Citation `ataei2022state' on page 1 undefined on input line 93.


Overfull \hbox (2.61108pt too wide) has occurred while \output is active
[] 
 []

[1


{/opt/homebrew/Cellar/texlive/20230313_2/share/texmf-dist/fonts/map/pdftex/updmap/pdftex.map}]

Package natbib Warning: Citation `ataei2023towards' on page 2 undefined on input line 95.


Package natbib Warning: Citation `DataBricksSurvey' on page 2 undefined on input line 97.


Package natbib Warning: Citation `newvantagepartners2023' on page 2 undefined on input line 97.


Package natbib Warning: Citation `analytics2016age' on page 2 undefined on input line 97.


Package natbib Warning: Citation `Nash' on page 2 undefined on input line 97.


Package natbib Warning: Citation `Cloutier2010' on page 2 undefined on input line 99.


Package natbib Warning: Citation `ataei2022state' on page 2 undefined on input line 99.


Package natbib Warning: Citation `AtaeiACIS' on page 2 undefined on input line 99.

[2]

Package natbib Warning: Citation `ataei2023application' on page 3 undefined on input line 101.


LaTeX Warning: Reference `sec:background' on page 3 undefined on input line 103.


LaTeX Warning: Reference `sec:related_work' on page 3 undefined on input line 103.


LaTeX Warning: Reference `sec:why_reference_architectures' on page 3 undefined on input line 103.


LaTeX Warning: Reference `sec:software_and_system_requirements' on page 3 undefined on input line 103.


LaTeX Warning: Reference `sec:theory' on page 3 undefined on input line 103.


LaTeX Warning: Reference `sec:artefact' on page 3 undefined on input line 103.


LaTeX Warning: Reference `sec:discussion' on page 3 undefined on input line 103.


LaTeX Warning: Reference `sec:discussion' on page 3 undefined on input line 103.


LaTeX Warning: Reference `sec:conclusion' on page 3 undefined on input line 103.


Package natbib Warning: Citation `Kaisler2013' on page 3 undefined on input line 109.


Package natbib Warning: Citation `Srivastava2016' on page 3 undefined on input line 109.


Package natbib Warning: Citation `Sagiroglu2013' on page 3 undefined on input line 109.

[3]

Package natbib Warning: Citation `Chen2012' on page 4 undefined on input line 113.


Package natbib Warning: Citation `ataei2023towards' on page 4 undefined on input line 113.


Package natbib Warning: Citation `AtaeiHype' on page 4 undefined on input line 113.


Package natbib Warning: Citation `Amatriain2013' on page 4 undefined on input line 115.


Package natbib Warning: Citation `wang2020response' on page 4 undefined on input line 117.


Package natbib Warning: Citation `Marr2016' on page 4 undefined on input line 117.


Package natbib Warning: Citation `rad2017big' on page 4 undefined on input line 119.

[4]

Package natbib Warning: Citation `Cloutier2010' on page 5 undefined on input line 125.


Package natbib Warning: Citation `OATH' on page 5 undefined on input line 127.


Package natbib Warning: Citation `ANSI' on page 5 undefined on input line 127.


Package natbib Warning: Citation `bucchiarone2020microservices' on page 5 undefined on input line 133.


Package natbib Warning: Citation `newman2021building' on page 5 undefined on input line 135.


Package natbib Warning: Citation `ataei2023application' on page 5 undefined on input line 135.

[5]

Package natbib Warning: Citation `richardson2018microservices' on page 6 undefined on input line 137.


Package natbib Warning: Citation `Coulouris2005' on page 6 undefined on input line 137.


Package natbib Warning: Citation `kiran2015lambda' on page 6 undefined on input line 145.


Package natbib Warning: Citation `kreps2014' on page 6 undefined on input line 145.


Package natbib Warning: Citation `AtaeiACIS' on page 6 undefined on input line 145.


Package natbib Warning: Citation `klein2016reference' on page 6 undefined on input line 147.


Package natbib Warning: Citation `quintero2019ibm' on page 6 undefined on input line 147.


Package natbib Warning: Citation `viana2014proposal' on page 6 undefined on input line 147.


Package natbib Warning: Citation `paakkonen2015reference' on page 6 undefined on input line 147.


Package natbib Warning: Citation `ataei2022state' on page 6 undefined on input line 149.

[6]

Package natbib Warning: Citation `Cloutier2010' on page 7 undefined on input line 157.


Package natbib Warning: Citation `bayer1999pulse' on page 7 undefined on input line 157.


Package natbib Warning: Citation `stricker2010creating' on page 7 undefined on input line 157.


Package natbib Warning: Citation `nakagawa2009towards' on page 7 undefined on input line 157.


Package natbib Warning: Citation `wg2015iso' on page 7 undefined on input line 159.


Package natbib Warning: Citation `Derras' on page 7 undefined on input line 159.


Package natbib Warning: Citation `GALSTER2011Empirically' on page 7 undefined on input line 159.

[7]

Package natbib Warning: Citation `Nakagawa' on page 8 undefined on input line 161.


Package natbib Warning: Citation `wieringa2014design' on page 8 undefined on input line 161.


Package natbib Warning: Citation `GALSTER2011Empirically' on page 8 undefined on input line 163.


Package natbib Warning: Citation `nakagawa2012ramodel' on page 8 undefined on input line 163.


Package natbib Warning: Citation `wieringa2014design' on page 8 undefined on input line 163.


Package natbib Warning: Citation `angelov2009classification' on page 8 undefined on input line 167.


Package natbib Warning: Citation `ataei2022state' on page 8 undefined on input line 171.

[8]

Package natbib Warning: Citation `angelov2012framework' on page 9 undefined on input line 175.


Package natbib Warning: Citation `GALSTER2011Empirically' on page 9 undefined on input line 175.


Package natbib Warning: Citation `ataei2022state' on page 9 undefined on input line 181.


Package natbib Warning: Citation `AtaeiACIS' on page 9 undefined on input line 181.


Package natbib Warning: Citation `ataei2023application' on page 9 undefined on input line 185.

[9]

Package natbib Warning: Citation `ISO42010' on page 10 undefined on input line 191.


Overfull \hbox (1.12375pt too wide) in paragraph at lines 193--194
[]\OT1/cmr/m/n/12 The arte-fact is cre-ated us-ing the Ar-chi-tec-tural Def-i-ni-tion Lan-guage (ADL)
 []


Package natbib Warning: Citation `Cloutier2010' on page 10 undefined on input line 195.


Package natbib Warning: Citation `stricker2010creating' on page 10 undefined on input line 195.


Package natbib Warning: Citation `czarnecki2012cool' on page 10 undefined on input line 201.


Package natbib Warning: Citation `GALSTER2011Empirically' on page 10 undefined on input line 201.

[10]

Package natbib Warning: Citation `rurua2019representing' on page 11 undefined on input line 203.


Package natbib Warning: Citation `Galster2011' on page 11 undefined on input line 207.


Package natbib Warning: Citation `kazman1994saam' on page 11 undefined on input line 209.


Package natbib Warning: Citation `Bengtsson2004' on page 11 undefined on input line 209.


Package natbib Warning: Citation `Williams2002' on page 11 undefined on input line 209.


Package natbib Warning: Citation `KazmanATAM' on page 11 undefined on input line 209.


Package natbib Warning: Citation `wieringa2014design' on page 11 undefined on input line 211.


Package natbib Warning: Citation `Cloutier2010' on page 11 undefined on input line 217.


Package natbib Warning: Citation `ataei2022state' on page 11 undefined on input line 219.

[11]

Package natbib Warning: Citation `Iso18384-1' on page 12 undefined on input line 221.


Package natbib Warning: Citation `wieringa2014design' on page 12 undefined on input line 227.

[12]

Package natbib Warning: Citation `sommerville2011software' on page 13 undefined on input line 247.


Package natbib Warning: Citation `laplante2017requirements' on page 13 undefined on input line 247.


Package natbib Warning: Citation `Chang' on page 13 undefined on input line 251.


Package natbib Warning: Citation `volk2020identifying' on page 13 undefined on input line 251.


Package natbib Warning: Citation `AtaeiSecurity' on page 13 undefined on input line 253.


Package natbib Warning: Citation `yu2019components' on page 13 undefined on input line 253.


Package natbib Warning: Citation `eridaputra2014modeling' on page 13 undefined on input line 253.


Package natbib Warning: Citation `al2016characteristics' on page 13 undefined on input line 253.


Package natbib Warning: Citation `Rada2017' on page 13 undefined on input line 255.


Package natbib Warning: Citation `ataei2022state' on page 13 undefined on input line 259.


Package natbib Warning: Citation `Bahrami2015' on page 13 undefined on input line 259.


Package natbib Warning: Citation `rad2017big' on page 13 undefined on input line 259.


Package natbib Warning: Citation `chang2015nist' on page 13 undefined on input line 259.

[13]

Package natbib Warning: Citation `kassab2014state' on page 14 undefined on input line 263.


Package natbib Warning: Citation `ISO29148' on page 14 undefined on input line 263.


Package natbib Warning: Citation `NASA' on page 14 undefined on input line 263.


Package natbib Warning: Citation `abran2004software' on page 14 undefined on input line 263.


LaTeX Warning: Reference `table:systemRequirements' on page 14 undefined on input line 263.


Overfull \hbox (8.42465pt too wide) in paragraph at lines 267--267
[]|\OT1/cmr/m/n/12 Author| 
 []

/Users/pataei/Desktop/Projects/Terramycelium-Journal-of-Software-and-System/main.tex:268: Misplaced \noalign.
\hline ->\noalign 
                  {\ifnum 0=`}\fi \penalty \@M \futurelet \@let@token \LT@@h...
l.268     \hline
                
I expect to see \noalign only after the \cr of
an alignment. Proceed, and I'll ignore this case.

/Users/pataei/Desktop/Projects/Terramycelium-Journal-of-Software-and-System/main.tex:269: Misplaced \omit.
\multispan ->\omit 
                   \@multispan 
l.269     \endhead
                  
I expect to see \omit only after tab marks or the \cr of
an alignment. Proceed, and I'll ignore this case.

/Users/pataei/Desktop/Projects/Terramycelium-Journal-of-Software-and-System/main.tex:269: Extra alignment tab has been changed to \cr.
<recently read> \endtemplate 
                             
l.269     \endhead
                  
You have given more \span or & marks than there were
in the preamble to the \halign or \valign now in progress.
So I'll assume that you meant to type \cr instead.

/Users/pataei/Desktop/Projects/Terramycelium-Journal-of-Software-and-System/main.tex:271: Misplaced \noalign.
\hline ->\noalign 
                  {\ifnum 0=`}\fi \penalty \@M \futurelet \@let@token \LT@@h...
l.271     \hline
                
I expect to see \noalign only after the \cr of
an alignment. Proceed, and I'll ignore this case.

/Users/pataei/Desktop/Projects/Terramycelium-Journal-of-Software-and-System/main.tex:272: Misplaced \omit.
\multispan ->\omit 
                   \@multispan 
l.272     \caption
                  {RAs and Standards found by the result of the SLR}
I expect to see \omit only after tab marks or the \cr of
an alignment. Proceed, and I'll ignore this case.

/Users/pataei/Desktop/Projects/Terramycelium-Journal-of-Software-and-System/main.tex:272: Extra alignment tab has been changed to \cr.
<recently read> \endtemplate 
                             
l.272     \caption
                  {RAs and Standards found by the result of the SLR}
You have given more \span or & marks than there were
in the preamble to the \halign or \valign now in progress.
So I'll assume that you meant to type \cr instead.


Package natbib Warning: Citation `inflectionPoint' on page 14 undefined on input line 280.


Package natbib Warning: Citation `newvantagepartners2023' on page 14 undefined on input line 280.

[14]

Package natbib Warning: Citation `Rose' on page 15 undefined on input line 282.


Package natbib Warning: Citation `ISO42010' on page 15 undefined on input line 284.


Package natbib Warning: Citation `DataMesh' on page 15 undefined on input line 288.


Package natbib Warning: Citation `richards2020fundamentals' on page 15 undefined on input line 288.


Package natbib Warning: Citation `ataei2022state' on page 15 undefined on input line 288.


Package natbib Warning: Citation `MicroServicesPatterns' on page 15 undefined on input line 290.


Package natbib Warning: Citation `ataei2022state' on page 15 undefined on input line 290.


Package natbib Warning: Citation `DataMesh' on page 15 undefined on input line 292.


Package natbib Warning: Citation `GartnerDataFabric2023' on page 15 undefined on input line 292.


Package natbib Warning: Citation `ataei2023towards' on page 15 undefined on input line 292.


Package natbib Warning: Citation `Bode2023' on page 15 undefined on input line 292.

[15]

Package natbib Warning: Citation `Bode2023' on page 16 undefined on input line 294.


Package natbib Warning: Citation `kimball2013data' on page 16 undefined on input line 302.


Package natbib Warning: Citation `ataei2022state' on page 16 undefined on input line 304.


Package natbib Warning: Citation `DataMesh' on page 16 undefined on input line 306.

[16]

LaTeX Warning: Reference `fig:dataPlanes' on page 17 undefined on input line 308.

<images/data-planes.png, id=108, 907.13907pt x 383.18156pt>
File: images/data-planes.png Graphic file (type png)
<use images/data-planes.png>
Package pdftex.def Info: images/data-planes.png  used on input line 314.
(pdftex.def)             Requested size: 390.0pt x 164.73561pt.

Package natbib Warning: Citation `ataei2022state' on page 17 undefined on input line 324.


Package natbib Warning: Citation `DataMesh' on page 17 undefined on input line 324.

[17 <./images/data-planes.png>]

Package natbib Warning: Citation `popovivc2018impact' on page 18 undefined on input line 332.


Package natbib Warning: Citation `merson2020modeling' on page 18 undefined on input line 336.


Package natbib Warning: Citation `evans2004domain' on page 18 undefined on input line 336.


Package natbib Warning: Citation `DataMesh' on page 18 undefined on input line 336.


Package natbib Warning: Citation `teamtopologiesSkelton' on page 18 undefined on input line 338.

[18]

Package natbib Warning: Citation `DataMesh' on page 19 undefined on input line 344.


Package natbib Warning: Citation `sudhakar2012model' on page 19 undefined on input line 344.


Package natbib Warning: Citation `khrononov2021learning' on page 19 undefined on input line 346.


Package natbib Warning: Citation `khononov2021learning' on page 19 undefined on input line 348.


Overfull \hbox (4.76118pt too wide) in paragraph at lines 350--351
[]\OT1/cmr/m/n/12 Data en-gi-neer-ing chal-lenges are typ-i-cally com-plex and wide-ranging, rather
 []

[19]

Package natbib Warning: Citation `reynolds1987flocks' on page 20 undefined on input line 354.

[20]

Package natbib Warning: Citation `evans2004domain' on page 21 undefined on input line 378.


Package natbib Warning: Citation `DataMesh' on page 21 undefined on input line 378.


Package natbib Warning: Citation `newman2021building' on page 21 undefined on input line 378.


Package natbib Warning: Citation `lansing2003complex' on page 21 undefined on input line 378.


Package natbib Warning: Citation `montesi2016circuit' on page 21 undefined on input line 382.


Package natbib Warning: Citation `Ford2021SoftwareArchitecture' on page 21 undefined on input line 390.


Package natbib Warning: Citation `stopford2018designing' on page 21 undefined on input line 390.


Package natbib Warning: Citation `simon2000brewer' on page 21 undefined on input line 390.


Overfull \hbox (11.78055pt too wide) in paragraph at lines 390--391
\OT1/cmr/m/n/12 Ter-ramycelium utilises the ar-chi-tec-tural prin-ci-ples of dis-tributed, asyn-chronous,
 []

[21]

LaTeX Warning: Reference `fig:eventDrivenArchitecture' on page 22 undefined on input line 396.

<images/Event-architecture.png, id=142, 1664.46844pt x 882.29625pt>
File: images/Event-architecture.png Graphic file (type png)
<use images/Event-architecture.png>
Package pdftex.def Info: images/Event-architecture.png  used on input line 402.
(pdftex.def)             Requested size: 369.88582pt x 196.05786pt.

Package natbib Warning: Citation `Ford2021SoftwareArchitecture' on page 22 undefined on input line 412.

[22]

Package natbib Warning: Citation `MStodaytomorrow' on page 23 undefined on input line 420.


LaTeX Warning: Reference `tab:architecture-characteristics' on page 23 undefined on input line 424.

[23 <./images/Event-architecture.png>]

LaTeX Warning: Reference `fig:Terramycelium' on page 24 undefined on input line 488.

[24]
<images/Metamycelium.jpg, id=162, 1973.3725pt x 895.345pt>
File: images/Metamycelium.jpg Graphic file (type jpg)
<use images/Metamycelium.jpg>
Package pdftex.def Info: images/Metamycelium.jpg  used on input line 494.
(pdftex.def)             Requested size: 548.5pt x 248.8642pt.


LaTeX Warning: Reference `fig:TerramyceliumServiceMesh' on page 25 undefined on input line 502.

<images/MetamyceliumServiceMesh.jpg, id=163, 1744.5175pt x 736.7525pt>
File: images/MetamyceliumServiceMesh.jpg Graphic file (type jpg)
<use images/MetamyceliumServiceMesh.jpg>
Package pdftex.def Info: images/MetamyceliumServiceMesh.jpg  used on input line 508.
(pdftex.def)             Requested size: 390.0pt x 164.70541pt.
[25] [26 <./images/Metamycelium.jpg>] [27 <./images/MetamyceliumServiceMesh.jpg>] [28]
Overfull \hbox (3.48859pt too wide) in paragraph at lines 590--591
[]\OT1/cmr/bx/n/12 Egress Gate-way: \OT1/cmr/m/n/12 The in-clu-sion of an egress gate-way in Ter-ramycelium
 []

[29] [30] [31] [32]
Overfull \hbox (11.4624pt too wide) in paragraph at lines 640--641
[]\OT1/cmr/bx/n/12 Telemetry Pro-ces-sor: \OT1/cmr/m/n/12 The de-cen-tralised ar-chi-tec-ture of Ter-ramycelium
 []

[33]
Overfull \hbox (0.67128pt too wide) in paragraph at lines 654--655
[]\OT1/cmr/bx/n/12 Distributed Stor-age Ser-vice: \OT1/cmr/m/n/12 Ter-ramycelium sup-ports de-cen-tralised
 []

[34]

LaTeX Warning: Reference `diagram:IAM' on page 35 undefined on input line 690.

<images/Metamycelium-identity-and-access-control.jpg, id=221, 1769.61125pt x 808.01875pt>
File: images/Metamycelium-identity-and-access-control.jpg Graphic file (type jpg)
<use images/Metamycelium-identity-and-access-control.jpg>
Package pdftex.def Info: images/Metamycelium-identity-and-access-control.jpg  used on input line 694.
(pdftex.def)             Requested size: 390.0pt x 178.0729pt.
[35] [36 <./images/Metamycelium-identity-and-access-control.jpg>]

Package natbib Warning: Citation `wieringa2014design' on page 37 undefined on input line 732.


Package natbib Warning: Citation `wieringa2014design' on page 37 undefined on input line 736.

[37]

LaTeX Warning: Reference `TerramyceliumPrototype' on page 38 undefined on input line 742.

<images/MetamyceliumConcrete.jpg, id=240, 1683.28876pt x 1026.83624pt>
File: images/MetamyceliumConcrete.jpg Graphic file (type jpg)
<use images/MetamyceliumConcrete.jpg>
Package pdftex.def Info: images/MetamyceliumConcrete.jpg  used on input line 748.
(pdftex.def)             Requested size: 390.0pt x 237.90654pt.

Package natbib Warning: Citation `KIND2023' on page 38 undefined on input line 758.


Package natbib Warning: Citation `terramyceliumInfrastructure' on page 38 undefined on input line 760.

[38 <./images/MetamyceliumConcrete.jpg>]

Package natbib Warning: Citation `ArtifactHub2023' on page 39 undefined on input line 762.


Package natbib Warning: Citation `HashiCorpVaultHelm2023' on page 39 undefined on input line 772.

[39]

LaTeX Warning: Reference `OPAISTIO' on page 40 undefined on input line 786.

<images/OPA-istio-flow.png, id=251, 1304.875pt x 603.25375pt>
File: images/OPA-istio-flow.png Graphic file (type png)
<use images/OPA-istio-flow.png>
Package pdftex.def Info: images/OPA-istio-flow.png  used on input line 792.
(pdftex.def)             Requested size: 390.0pt x 180.29636pt.

Package natbib Warning: Citation `YelpDataset' on page 40 undefined on input line 802.


Package natbib Warning: Citation `ClimateExplorer' on page 40 undefined on input line 802.

[40]

Package natbib Warning: Citation `MovieLens20MDataset' on page 41 undefined on input line 804.


Package natbib Warning: Citation `visualcrossing' on page 41 undefined on input line 806.

[41 <./images/OPA-istio-flow.png (PNG copy)>]

Package natbib Warning: Citation `Carroll1995' on page 42 undefined on input line 818.


Package natbib Warning: Citation `KazmanATAM' on page 42 undefined on input line 818.


LaTeX Warning: Reference `s1Table' on page 42 undefined on input line 818.


LaTeX Warning: Reference `s6Table' on page 42 undefined on input line 818.

[42] [43] [44]

LaTeX Warning: Reference `dataLichenDashboard' on page 45 undefined on input line 994.


LaTeX Warning: Reference `intraDomain' on page 45 undefined on input line 994.

[45]
<images/Datalichen-dashboard.png, id=288, 1077.02374pt x 291.0875pt>
File: images/Datalichen-dashboard.png Graphic file (type png)
<use images/Datalichen-dashboard.png>
Package pdftex.def Info: images/Datalichen-dashboard.png  used on input line 1000.
(pdftex.def)             Requested size: 390.0pt x 105.40436pt.
<images/intra-domain-flow.jpg, id=289, 1591.9475pt x 664.4825pt>
File: images/intra-domain-flow.jpg Graphic file (type jpg)
<use images/intra-domain-flow.jpg>
Package pdftex.def Info: images/intra-domain-flow.jpg  used on input line 1012.
(pdftex.def)             Requested size: 390.0pt x 162.78442pt.


LaTeX Warning: Reference `kafkaTopics' on page 46 undefined on input line 1022.

[46 <./images/Datalichen-dashboard.png> <./images/intra-domain-flow.jpg (PNG copy)>]
<images/kafka-topics.png, id=297, 2543.5025pt x 726.715pt>
File: images/kafka-topics.png Graphic file (type png)
<use images/kafka-topics.png>
Package pdftex.def Info: images/kafka-topics.png  used on input line 1028.
(pdftex.def)             Requested size: 390.0pt x 111.41989pt.


LaTeX Warning: Reference `s1Flow' on page 47 undefined on input line 1036.

<images/Scenario-s1.png, id=298, 1116.17pt x 395.4775pt>
File: images/Scenario-s1.png Graphic file (type png)
<use images/Scenario-s1.png>
Package pdftex.def Info: images/Scenario-s1.png  used on input line 1042.
(pdftex.def)             Requested size: 390.0pt x 138.18385pt.
[47 <./images/kafka-topics.png> <./images/Scenario-s1.png (PNG copy)>]

LaTeX Warning: Reference `openTelemetryTopic' on page 48 undefined on input line 1060.


LaTeX Warning: Reference `openTelemetryFlow' on page 48 undefined on input line 1060.


LaTeX Warning: Reference `openTelemetryTraceSpan' on page 48 undefined on input line 1060.

<images/kafka-open-telemetry-topic-screenshot.png, id=306, 2144.01pt x 359.3425pt>
File: images/kafka-open-telemetry-topic-screenshot.png Graphic file (type png)
<use images/kafka-open-telemetry-topic-screenshot.png>
Package pdftex.def Info: images/kafka-open-telemetry-topic-screenshot.png  used on input line 1066.
(pdftex.def)             Requested size: 390.0pt x 65.36424pt.
<images/open-telemetry-flow.png, id=307, 1426.32875pt x 377.41pt>
File: images/open-telemetry-flow.png Graphic file (type png)
<use images/open-telemetry-flow.png>
Package pdftex.def Info: images/open-telemetry-flow.png  used on input line 1078.
(pdftex.def)             Requested size: 390.0pt x 103.19203pt.
<images/open-telemetry-trace-example.png, id=308, 700.6175pt x 577.15625pt>
File: images/open-telemetry-trace-example.png Graphic file (type png)
<use images/open-telemetry-trace-example.png>
Package pdftex.def Info: images/open-telemetry-trace-example.png  used on input line 1090.
(pdftex.def)             Requested size: 390.0pt x 321.27663pt.
[48 <./images/kafka-open-telemetry-topic-screenshot.png>] [49 <./images/open-telemetry-flow.png (PNG copy)> <./images/open-telemetry-trace-example.png>]

Package natbib Warning: Citation `AtaeiBigDataEnvirons' on page 50 undefined on input line 1100.


Package natbib Warning: Citation `Kleppmann2017' on page 50 undefined on input line 1106.

[50{/opt/homebrew/Cellar/texlive/20230313_2/share/texmf-dist/fonts/enc/dvips/cm-super/cm-super-ts1.enc}]

Package natbib Warning: Citation `johnson2019logic' on page 51 undefined on input line 1126.


Package natbib Warning: Citation `lee2020bigdata' on page 51 undefined on input line 1130.


LaTeX Warning: Reference `kafkIngestionInBytesInCustomerDomainAnalyticalService' on page 51 undefined on input line 1132.


LaTeX Warning: Reference `totalDataIngestedinBytesInCustomerDomainsAnalyticalService' on page 51 undefined on input line 1132.

<images/Kafka-ingestion-in-Bytes.png, id=329, 1734.48pt x 558.085pt>
File: images/Kafka-ingestion-in-Bytes.png Graphic file (type png)
<use images/Kafka-ingestion-in-Bytes.png>
Package pdftex.def Info: images/Kafka-ingestion-in-Bytes.png  used on input line 1138.
(pdftex.def)             Requested size: 390.0pt x 125.47855pt.
<images/total-data-ingested-in-bytes.jpeg, id=330, 1731.46875pt x 610.28pt>
File: images/total-data-ingested-in-bytes.jpeg Graphic file (type jpg)
<use images/total-data-ingested-in-bytes.jpeg>
Package pdftex.def Info: images/total-data-ingested-in-bytes.jpeg  used on input line 1150.
(pdftex.def)             Requested size: 390.0pt x 137.45605pt.

LaTeX Warning: Reference `totalDataIngestedinBytesInWeatherDomainsAnalyticalService' on page 51 undefined on input line 1158.

<images/weather-domain-ingested-data-in-bytes.png, id=331, 1670.24pt x 551.05875pt>
File: images/weather-domain-ingested-data-in-bytes.png Graphic file (type png)
<use images/weather-domain-ingested-data-in-bytes.png>
Package pdftex.def Info: images/weather-domain-ingested-data-in-bytes.png  used on input line 1164.
(pdftex.def)             Requested size: 390.0pt x 128.66638pt.

LaTeX Warning: Reference `dataIngestedInCustomerDomainAnalyticalServiceTable' on page 51 undefined on input line 1172.


LaTeX Warning: Reference `dataIngestedInWeatherDomainAnalyticalServiceTable' on page 51 undefined on input line 1220.

[51 <./images/Kafka-ingestion-in-Bytes.png>] [52 <./images/total-data-ingested-in-bytes.jpeg> <./images/weather-domain-ingested-data-in-bytes.png>]

LaTeX Warning: Reference `cusetomerAndWeatherDomainAnalyaticalServicesLatencies' on page 53 undefined on input line 1284.

<images/customer-and-weather-domain-analytics-service-latency.png, id=347, 1725.44624pt x 502.87875pt>
File: images/customer-and-weather-domain-analytics-service-latency.png Graphic file (type png)
<use images/customer-and-weather-domain-analytics-service-latency.png>
Package pdftex.def Info: images/customer-and-weather-domain-analytics-service-latency.png  used on input line 1290.
(pdftex.def)             Requested size: 390.0pt x 113.66461pt.
[53 <./images/customer-and-weather-domain-analytics-service-latency.png>] [54]

LaTeX Warning: Reference `openTelemetryServiceCpuUsage' on page 55 undefined on input line 1308.

<images/Open-telemetry-service-CPU-usage.png, id=361, 1280.785pt x 370.38374pt>
File: images/Open-telemetry-service-CPU-usage.png Graphic file (type png)
<use images/Open-telemetry-service-CPU-usage.png>
Package pdftex.def Info: images/Open-telemetry-service-CPU-usage.png  used on input line 1314.
(pdftex.def)             Requested size: 390.0pt x 112.77754pt.

LaTeX Warning: Reference `table:telemetry-cpu-usage' on page 55 undefined on input line 1322.


LaTeX Warning: Reference `kubernetesClusterCpuUsage' on page 55 undefined on input line 1372.

<images/kubernetes-cluster-CPU-usage.png, id=362, 706.64pt x 372.39125pt>
File: images/kubernetes-cluster-CPU-usage.png Graphic file (type png)
<use images/kubernetes-cluster-CPU-usage.png>
Package pdftex.def Info: images/kubernetes-cluster-CPU-usage.png  used on input line 1378.
(pdftex.def)             Requested size: 390.0pt x 205.5261pt.

LaTeX Warning: Reference `kubernetesClusterReadAndWrite' on page 55 undefined on input line 1386.


LaTeX Warning: Reference `kubernetesClusterNetworkStatistics' on page 55 undefined on input line 1386.

<images/Kubernetes-cluster-data-read-write.png, id=363, 695.59875pt x 370.38374pt>
File: images/Kubernetes-cluster-data-read-write.png Graphic file (type png)
<use images/Kubernetes-cluster-data-read-write.png>
Package pdftex.def Info: images/Kubernetes-cluster-data-read-write.png  used on input line 1392.
(pdftex.def)             Requested size: 390.0pt x 207.66214pt.
<images/kubernetes-cluster-network-data-received-and-sent.png, id=364, 696.6025pt x 372.39125pt>
File: images/kubernetes-cluster-network-data-received-and-sent.png Graphic file (type png)
<use images/kubernetes-cluster-network-data-received-and-sent.png>
Package pdftex.def Info: images/kubernetes-cluster-network-data-received-and-sent.png  used on input line 1404.
(pdftex.def)             Requested size: 390.0pt x 208.48653pt.
[55 <./images/Open-telemetry-service-CPU-usage.png>]

LaTeX Warning: Reference `kubernetesClusterNetworkStatistics' on page 56 undefined on input line 1416.

[56] [57 <./images/kubernetes-cluster-CPU-usage.png>] [58 <./images/Kubernetes-cluster-data-read-write.png> <./images/kubernetes-cluster-network-data-received-and-sent.png>]

LaTeX Warning: Reference `kubernetesClusterMemoryUsage' on page 59 undefined on input line 1428.


Package natbib Warning: Citation `terramyceliumInfrastructure' on page 59 undefined on input line 1428.


Package natbib Warning: Citation `terramyceliumHelmChartsAndApplications' on page 59 undefined on input line 1428.

<images/Memory-usage-for-various-services-in-kube.png, id=392, 1141.26375pt x 387.4475pt>
File: images/Memory-usage-for-various-services-in-kube.png Graphic file (type png)
<use images/Memory-usage-for-various-services-in-kube.png>
Package pdftex.def Info: images/Memory-usage-for-various-services-in-kube.png  used on input line 1434.
(pdftex.def)             Requested size: 390.0pt x 132.39845pt.

LaTeX Warning: Reference `table:memory-cpu-correlation' on page 59 undefined on input line 1442.


Overfull \hbox (135.4666pt too wide) in paragraph at lines 1454--1489
 [][] 
 []

[59 <./images/Memory-usage-for-various-services-in-kube.png>]

LaTeX Warning: Reference `numberOfErrorsInTelemetryProcessingService' on page 60 undefined on input line 1498.

<images/number-of-errors-in-telemetry-processing-service.png, id=399, 1123.19624pt x 382.42876pt>
File: images/number-of-errors-in-telemetry-processing-service.png Graphic file (type png)
<use images/number-of-errors-in-telemetry-processing-service.png>
Package pdftex.def Info: images/number-of-errors-in-telemetry-processing-service.png  used on input line 1506.
(pdftex.def)             Requested size: 390.0pt x 132.78418pt.
[60]

LaTeX Warning: Reference `customerDomainStreamingTopicStatistics' on page 61 undefined on input line 1524.

<images/customer-domain-stream-data-topic-statistics.png, id=408, 869.2475pt x 811.03pt>
File: images/customer-domain-stream-data-topic-statistics.png Graphic file (type png)
<use images/customer-domain-stream-data-topic-statistics.png>
Package pdftex.def Info: images/customer-domain-stream-data-topic-statistics.png  used on input line 1530.
(pdftex.def)             Requested size: 390.0pt x 363.88347pt.

LaTeX Warning: Reference `memoryUtilizationInCustomerDomainInHighVelocityCase' on page 61 undefined on input line 1538.


LaTeX Warning: Reference `memoryUtilizationInWeatherDomainInHighVelocityCase' on page 61 undefined on input line 1538.

[61 <./images/number-of-errors-in-telemetry-processing-service.png>] [62 <./images/customer-domain-stream-data-topic-statistics.png>]
<images/memory-utilization-in-customer-domain-in-streaming-case.png, id=424, 820.06375pt x 768.8725pt>
File: images/memory-utilization-in-customer-domain-in-streaming-case.png Graphic file (type png)
<use images/memory-utilization-in-customer-domain-in-streaming-case.png>
Package pdftex.def Info: images/memory-utilization-in-customer-domain-in-streaming-case.png  used on input line 1544.
(pdftex.def)             Requested size: 227.62204pt x 213.4057pt.
<images/memory-utilization-in-weather-domain-in-streaming-case.png, id=425, 810.02625pt x 757.83125pt>
File: images/memory-utilization-in-weather-domain-in-streaming-case.png Graphic file (type png)
<use images/memory-utilization-in-weather-domain-in-streaming-case.png>
Package pdftex.def Info: images/memory-utilization-in-weather-domain-in-streaming-case.png  used on input line 1556.
(pdftex.def)             Requested size: 227.62204pt x 212.9545pt.


LaTeX Warning: Reference `kafkaIngestionLatencyInStreamingCase' on page 63 undefined on input line 1566.

<images/kafka-ingestion-latency-sum-streaming-case.png, id=426, 1335.99126pt x 391.4625pt>
File: images/kafka-ingestion-latency-sum-streaming-case.png Graphic file (type png)
<use images/kafka-ingestion-latency-sum-streaming-case.png>
Package pdftex.def Info: images/kafka-ingestion-latency-sum-streaming-case.png  used on input line 1572.
(pdftex.def)             Requested size: 390.0pt x 114.27383pt.

LaTeX Warning: Reference `processingDurationInStreamingCaseInWeatherDomain' on page 63 undefined on input line 1580.

[63 <./images/memory-utilization-in-customer-domain-in-streaming-case.png>]
<images/processing-duration-streaming-case-in-weather-domain.png, id=434, 1324.95pt x 393.47pt>
File: images/processing-duration-streaming-case-in-weather-domain.png Graphic file (type png)
<use images/processing-duration-streaming-case-in-weather-domain.png>
Package pdftex.def Info: images/processing-duration-streaming-case-in-weather-domain.png  used on input line 1586.
(pdftex.def)             Requested size: 390.0pt x 115.81447pt.
 [64 <./images/memory-utilization-in-weather-domain-in-streaming-case.png> <./images/kafka-ingestion-latency-sum-streaming-case.png>] [65 <./images/processing-duration-streaming-case-in-weather-domain.png>]

LaTeX Warning: Reference `dataScientistFlowWithAuthentication' on page 66 undefined on input line 1608.

<images/data-scientist-data-lichen-flow-with-authentication.jpg, id=451, 883.3pt x 531.9875pt>
File: images/data-scientist-data-lichen-flow-with-authentication.jpg Graphic file (type jpg)
<use images/data-scientist-data-lichen-flow-with-authentication.jpg>
Package pdftex.def Info: images/data-scientist-data-lichen-flow-with-authentication.jpg  used on input line 1614.
(pdftex.def)             Requested size: 390.0pt x 234.88696pt.
[66]

LaTeX Warning: Reference `dataScientistSecretRetrievalDelayInSeconds' on page 67 undefined on input line 1650.

<images/Secret-Retrieval-Delay-in-Seconds-In-Data-Scientist-Application.png, id=460, 1970.36125pt x 524.96124pt>
File: images/Secret-Retrieval-Delay-in-Seconds-In-Data-Scientist-Application.png Graphic file (type png)
<use images/Secret-Retrieval-Delay-in-Seconds-In-Data-Scientist-Application.png>
Package pdftex.def Info: images/Secret-Retrieval-Delay-in-Seconds-In-Data-Scientist-Application.png  used on input line 1656.
(pdftex.def)             Requested size: 390.0pt x 103.90099pt.

LaTeX Warning: Reference `cpuUtilizationInDataScientistApplication' on page 67 undefined on input line 1664.

<images/CPU-utilization-data-scientist-application.png, id=461, 1972.36874pt x 541.02126pt>
File: images/CPU-utilization-data-scientist-application.png Graphic file (type png)
<use images/CPU-utilization-data-scientist-application.png>
Package pdftex.def Info: images/CPU-utilization-data-scientist-application.png  used on input line 1670.
(pdftex.def)             Requested size: 390.0pt x 106.97229pt.
[67 <./images/data-scientist-data-lichen-flow-with-authentication.jpg (PNG copy)>]

LaTeX Warning: Reference `memoryUtilizationInDataScientistApplication' on page 68 undefined on input line 1680.

<images/memory-utilization-in-data-scientist-application.png, id=471, 1985.4175pt x 547.04375pt>
File: images/memory-utilization-in-data-scientist-application.png Graphic file (type png)
<use images/memory-utilization-in-data-scientist-application.png>
Package pdftex.def Info: images/memory-utilization-in-data-scientist-application.png  used on input line 1686.
(pdftex.def)             Requested size: 390.0pt x 107.45355pt.

LaTeX Warning: Reference `queryProcessingDurationInDataScienceApplication' on page 68 undefined on input line 1696.

[68 <./images/Secret-Retrieval-Delay-in-Seconds-In-Data-Scientist-Application.png> <./images/CPU-utilization-data-scientist-application.png> <./images/memory-utilization-in-data-scientist-application.png>]
<images/query-processing-duration-in-data-science-application.png, id=483, 1964.33875pt x 538.01pt>
File: images/query-processing-duration-in-data-science-application.png Graphic file (type png)
<use images/query-processing-duration-in-data-science-application.png>
Package pdftex.def Info: images/query-processing-duration-in-data-science-application.png  used on input line 1702.
(pdftex.def)             Requested size: 390.0pt x 106.81198pt.
 [69 <./images/query-processing-duration-in-data-science-application.png>] [70] [71] [72] [73] [74]

Package natbib Warning: Citation `rad2017big' on page 75 undefined on input line 1830.

[75]

Package natbib Warning: Citation `creswell2007qualitative' on page 76 undefined on input line 1866.


Package natbib Warning: Citation `kallio2016systematic' on page 76 undefined on input line 1886.

[76]

Package natbib Warning: Citation `baltes2022sampling' on page 77 undefined on input line 1898.


LaTeX Warning: Reference `tab:experts' on page 77 undefined on input line 1898.


Overfull \hbox (1.43205pt too wide) in paragraph at lines 1898--1899
[]\OT1/cmr/m/n/12 Purposive sam-pling iden-ti-fied ex-perts, pro-vid-ing in-depth in-sights through
 []

[77]
Overfull \hbox (7.84998pt too wide) in paragraph at lines 1956--1965
[] 
 []


Overfull \hbox (7.84998pt too wide) in paragraph at lines 1974--1983
[] 
 []


Overfull \hbox (7.84998pt too wide) in paragraph at lines 1992--2001
[] 
 []

[78]
Overfull \hbox (7.84998pt too wide) in paragraph at lines 2018--2027
[] 
 []


Overfull \hbox (7.84998pt too wide) in paragraph at lines 2036--2045
[] 
 []


Overfull \hbox (7.84998pt too wide) in paragraph at lines 2054--2063
[] 
 []


Overfull \hbox (7.84998pt too wide) in paragraph at lines 2072--2081
[] 
 []

[79]
Overfull \hbox (7.84998pt too wide) in paragraph at lines 2090--2099
[] 
 []


Overfull \hbox (7.84998pt too wide) in paragraph at lines 2108--2117
[] 
 []


Overfull \hbox (7.84998pt too wide) in paragraph at lines 2132--2141
[] 
 []

[80]
Overfull \hbox (7.84998pt too wide) in paragraph at lines 2150--2159
[] 
 []


Overfull \hbox (7.84998pt too wide) in paragraph at lines 2168--2177
[] 
 []


Overfull \hbox (7.84998pt too wide) in paragraph at lines 2186--2195
[] 
 []


Overfull \hbox (7.84998pt too wide) in paragraph at lines 2204--2213
[] 
 []


Overfull \hbox (7.84998pt too wide) in paragraph at lines 2222--2231
[] 
 []


Overfull \hbox (7.84998pt too wide) in paragraph at lines 2240--2249
[] 
 []

[81]
Overfull \hbox (3.16397pt too wide) in paragraph at lines 2252--2253
[]\OT1/cmr/m/n/12 The chal-lenge that could emerge from the ar-chi-tec-ture's cross-functionality
 []


Overfull \hbox (7.84998pt too wide) in paragraph at lines 2258--2267
[] 
 []


Overfull \hbox (7.84998pt too wide) in paragraph at lines 2276--2285
[] 
 []


LaTeX Warning: Reference `tab:responses' on page 82 undefined on input line 2292.


Overfull \hbox (371.6593pt too wide) in paragraph at lines 2300--2317
 [][] 
 []


LaTeX Warning: Reference `tab:coding_summary' on page 82 undefined on input line 2324.


Underfull \hbox (badness 10000) in paragraph at lines 2336--2336
[]|\OT1/cmr/m/n/12 Number
 []


Underfull \hbox (badness 7415) in paragraph at lines 2336--2336
\OT1/cmr/m/n/12 of Cod-ing
 []


Underfull \hbox (badness 10000) in paragraph at lines 2336--2337
[]|\OT1/cmr/m/n/12 Number
 []


Underfull \hbox (badness 10000) in paragraph at lines 2336--2337
\OT1/cmr/m/n/12 of Items
 []

[82]

LaTeX Warning: Reference `fig:quantitativeSummaryForExpertOpinion' on page 83 undefined on input line 2374.


Overfull \hbox (19.35269pt too wide) in paragraph at lines 2374--2375
[]\OT1/cmr/m/n/12 "Other Opin-ions," which pre-sented sup-ple-men-tary per-spec-tives and thoughts,
 []

<images/Quantitative-Summary-For-Codes.png, id=591, 1397.22pt x 540.0175pt>
File: images/Quantitative-Summary-For-Codes.png Graphic file (type png)
<use images/Quantitative-Summary-For-Codes.png>
Package pdftex.def Info: images/Quantitative-Summary-For-Codes.png  used on input line 2380.
(pdftex.def)             Requested size: 390.0pt x 150.73418pt.
[83 <./images/Quantitative-Summary-For-Codes.png>] [84]
Overfull \hbox (16.24115pt too wide) in paragraph at lines 2400--2401
\OT1/cmr/m/n/12 time im-pli-ca-tions for or-gan-i-sa-tions. To fully de-ploy all as-pects of Ter-ramycelium,
 []

[85] [86] [87] (./main.bbl)

Package natbib Warning: There were undefined citations.

[88] (./main.aux)

LaTeX Warning: There were undefined references.


LaTeX Warning: Label(s) may have changed. Rerun to get cross-references right.


Package rerunfilecheck Warning: File `main.out' has changed.
(rerunfilecheck)                Rerun to get outlines right
(rerunfilecheck)                or use package `bookmark'.

Package rerunfilecheck Info: Checksums for `main.out':
(rerunfilecheck)             Before: <no file>
(rerunfilecheck)             After:  A138D658A4AF30E1A7BD76C9D42F914D;15053.
 ) 
Here is how much of TeX's memory you used:
 12159 strings out of 476025
 200018 string characters out of 5779036
 1868388 words of memory out of 5000000
 32150 multiletter control sequences out of 15000+600000
 521394 words of font info for 67 fonts, out of 8000000 for 9000
 1141 hyphenation exceptions out of 8191
 75i,10n,76p,1398b,618s stack positions out of 10000i,1000n,20000p,200000b,200000s
</opt/homebrew/Cellar/texlive/20230313_2/share/texmf-dist/fonts/type1/public/amsfonts/cm/cmbx12.pfb></opt/homebrew/Cellar/texlive/20230313_2/share/texmf-dist/fonts/type1/public/amsfonts/cm/cmbx8.pfb></opt/homebrew/Cellar/texlive/20230313_2/share/texmf-dist/fonts/type1/public/amsfonts/cm/cmex10.pfb></opt/homebrew/Cellar/texlive/20230313_2/share/texmf-dist/fonts/type1/public/amsfonts/cm/cmmi12.pfb></opt/homebrew/Cellar/texlive/20230313_2/share/texmf-dist/fonts/type1/public/amsfonts/cm/cmmi8.pfb></opt/homebrew/Cellar/texlive/20230313_2/share/texmf-dist/fonts/type1/public/amsfonts/cm/cmr10.pfb></opt/homebrew/Cellar/texlive/20230313_2/share/texmf-dist/fonts/type1/public/amsfonts/cm/cmr12.pfb></opt/homebrew/Cellar/texlive/20230313_2/share/texmf-dist/fonts/type1/public/amsfonts/cm/cmr17.pfb></opt/homebrew/Cellar/texlive/20230313_2/share/texmf-dist/fonts/type1/public/amsfonts/cm/cmr8.pfb></opt/homebrew/Cellar/texlive/20230313_2/share/texmf-dist/fonts/type1/public/amsfonts/cm/cmss8.pfb></opt/homebrew/Cellar/texlive/20230313_2/share/texmf-dist/fonts/type1/public/amsfonts/cm/cmsy10.pfb></opt/homebrew/Cellar/texlive/20230313_2/share/texmf-dist/fonts/type1/public/amsfonts/cm/cmti10.pfb></opt/homebrew/Cellar/texlive/20230313_2/share/texmf-dist/fonts/type1/public/amsfonts/cm/cmti12.pfb></opt/homebrew/Cellar/texlive/20230313_2/share/texmf-dist/fonts/type1/public/amsfonts/cm/cmti7.pfb></opt/homebrew/Cellar/texlive/20230313_2/share/texmf-dist/fonts/type1/public/amsfonts/cm/cmtt12.pfb></opt/homebrew/Cellar/texlive/20230313_2/share/texmf-dist/fonts/type1/public/amsfonts/symbols/msam10.pfb></opt/homebrew/Cellar/texlive/20230313_2/share/texmf-dist/fonts/type1/public/cm-super/sfrm1200.pfb>
Output written on main.pdf (88 pages, 3518693 bytes).
PDF statistics:
 757 PDF objects out of 1000 (max. 8388607)
 566 compressed objects within 6 object streams
 260 named destinations out of 1000 (max. 500000)
 176 words of extra memory for PDF output out of 10000 (max. 10000000)

